0    [main] INFO  org.eclipse.jetty.server.Server  – jetty-8.1.10.v20130312
48   [main] INFO  org.eclipse.jetty.deploy.providers.ScanningAppProvider  – Deployment monitor /workspaces/solr/solr-4.10.4/example/contexts at interval 0
58   [main] INFO  org.eclipse.jetty.deploy.DeploymentManager  – Deployable added: /workspaces/solr/solr-4.10.4/example/contexts/solr-jetty-context.xml
1879 [main] INFO  org.eclipse.jetty.webapp.StandardDescriptorProcessor  – NO JSP Support for /solr, did not find org.apache.jasper.servlet.JspServlet
2067 [main] INFO  org.apache.solr.servlet.SolrDispatchFilter  – SolrDispatchFilter.init()
2147 [main] INFO  org.apache.solr.core.SolrResourceLoader  – JNDI not configured for solr (NoInitialContextEx)
2148 [main] INFO  org.apache.solr.core.SolrResourceLoader  – using system property solr.solr.home: /workspaces/solr/solr-4.10.4/example/solr
2150 [main] INFO  org.apache.solr.core.SolrResourceLoader  – new SolrResourceLoader for directory: '/workspaces/solr/solr-4.10.4/example/solr/'
2342 [main] INFO  org.apache.solr.core.ConfigSolr  – Loading container configuration from /workspaces/solr/solr-4.10.4/example/solr/solr.xml
2696 [main] INFO  org.apache.solr.core.CoresLocator  – Config-defined core root directory: /workspaces/solr/solr-4.10.4/example/solr
2711 [main] INFO  org.apache.solr.core.CoreContainer  – New CoreContainer 690052870
2712 [main] INFO  org.apache.solr.core.CoreContainer  – Loading cores into CoreContainer [instanceDir=/workspaces/solr/solr-4.10.4/example/solr/]
2759 [main] INFO  org.apache.solr.handler.component.HttpShardHandlerFactory  – Setting socketTimeout to: 0
2760 [main] INFO  org.apache.solr.handler.component.HttpShardHandlerFactory  – Setting urlScheme to: null
2765 [main] INFO  org.apache.solr.handler.component.HttpShardHandlerFactory  – Setting connTimeout to: 0
2765 [main] INFO  org.apache.solr.handler.component.HttpShardHandlerFactory  – Setting maxConnectionsPerHost to: 20
2768 [main] INFO  org.apache.solr.handler.component.HttpShardHandlerFactory  – Setting corePoolSize to: 0
2768 [main] INFO  org.apache.solr.handler.component.HttpShardHandlerFactory  – Setting maximumPoolSize to: 2147483647
2769 [main] INFO  org.apache.solr.handler.component.HttpShardHandlerFactory  – Setting maxThreadIdleTime to: 5
2769 [main] INFO  org.apache.solr.handler.component.HttpShardHandlerFactory  – Setting sizeOfQueue to: -1
2770 [main] INFO  org.apache.solr.handler.component.HttpShardHandlerFactory  – Setting fairnessPolicy to: false
2770 [main] INFO  org.apache.solr.handler.component.HttpShardHandlerFactory  – Setting useRetries to: false
2983 [main] INFO  org.apache.solr.update.UpdateShardHandler  – Creating UpdateShardHandler HTTP client with params: socketTimeout=0&connTimeout=0&retry=true
2985 [main] INFO  org.apache.solr.logging.LogWatcher  – SLF4J impl is org.slf4j.impl.Log4jLoggerFactory
2986 [main] INFO  org.apache.solr.logging.LogWatcher  – Registering Log Listener [Log4j (org.slf4j.impl.Log4jLoggerFactory)]
2988 [main] INFO  org.apache.solr.core.CoreContainer  – Host Name: 
3039 [main] INFO  org.apache.solr.core.CoresLocator  – Looking for core definitions underneath /workspaces/solr/solr-4.10.4/example/solr
3085 [main] INFO  org.apache.solr.core.CoresLocator  – Found core collection1 in /workspaces/solr/solr-4.10.4/example/solr/collection1/
3086 [main] INFO  org.apache.solr.core.CoresLocator  – Found 1 core definitions
3140 [coreLoadExecutor-5-thread-1] INFO  org.apache.solr.core.SolrResourceLoader  – new SolrResourceLoader for directory: '/workspaces/solr/solr-4.10.4/example/solr/collection1/'
3346 [coreLoadExecutor-5-thread-1] INFO  org.apache.solr.core.SolrConfig  – Adding specified lib dirs to ClassLoader
3358 [coreLoadExecutor-5-thread-1] INFO  org.apache.solr.core.SolrResourceLoader  – Adding 'file:/workspaces/solr/solr-4.10.4/contrib/extraction/lib/apache-mime4j-core-0.7.2.jar' to classloader
3358 [coreLoadExecutor-5-thread-1] INFO  org.apache.solr.core.SolrResourceLoader  – Adding 'file:/workspaces/solr/solr-4.10.4/contrib/extraction/lib/apache-mime4j-dom-0.7.2.jar' to classloader
3359 [coreLoadExecutor-5-thread-1] INFO  org.apache.solr.core.SolrResourceLoader  – Adding 'file:/workspaces/solr/solr-4.10.4/contrib/extraction/lib/aspectjrt-1.6.11.jar' to classloader
3359 [coreLoadExecutor-5-thread-1] INFO  org.apache.solr.core.SolrResourceLoader  – Adding 'file:/workspaces/solr/solr-4.10.4/contrib/extraction/lib/bcmail-jdk15-1.45.jar' to classloader
3359 [coreLoadExecutor-5-thread-1] INFO  org.apache.solr.core.SolrResourceLoader  – Adding 'file:/workspaces/solr/solr-4.10.4/contrib/extraction/lib/bcprov-jdk15-1.45.jar' to classloader
3360 [coreLoadExecutor-5-thread-1] INFO  org.apache.solr.core.SolrResourceLoader  – Adding 'file:/workspaces/solr/solr-4.10.4/contrib/extraction/lib/boilerpipe-1.1.0.jar' to classloader
3360 [coreLoadExecutor-5-thread-1] INFO  org.apache.solr.core.SolrResourceLoader  – Adding 'file:/workspaces/solr/solr-4.10.4/contrib/extraction/lib/commons-compress-1.7.jar' to classloader
3361 [coreLoadExecutor-5-thread-1] INFO  org.apache.solr.core.SolrResourceLoader  – Adding 'file:/workspaces/solr/solr-4.10.4/contrib/extraction/lib/dom4j-1.6.1.jar' to classloader
3361 [coreLoadExecutor-5-thread-1] INFO  org.apache.solr.core.SolrResourceLoader  – Adding 'file:/workspaces/solr/solr-4.10.4/contrib/extraction/lib/fontbox-1.8.4.jar' to classloader
3361 [coreLoadExecutor-5-thread-1] INFO  org.apache.solr.core.SolrResourceLoader  – Adding 'file:/workspaces/solr/solr-4.10.4/contrib/extraction/lib/icu4j-53.1.jar' to classloader
3362 [coreLoadExecutor-5-thread-1] INFO  org.apache.solr.core.SolrResourceLoader  – Adding 'file:/workspaces/solr/solr-4.10.4/contrib/extraction/lib/isoparser-1.0-RC-1.jar' to classloader
3362 [coreLoadExecutor-5-thread-1] INFO  org.apache.solr.core.SolrResourceLoader  – Adding 'file:/workspaces/solr/solr-4.10.4/contrib/extraction/lib/jdom-1.0.jar' to classloader
3362 [coreLoadExecutor-5-thread-1] INFO  org.apache.solr.core.SolrResourceLoader  – Adding 'file:/workspaces/solr/solr-4.10.4/contrib/extraction/lib/jempbox-1.8.4.jar' to classloader
3363 [coreLoadExecutor-5-thread-1] INFO  org.apache.solr.core.SolrResourceLoader  – Adding 'file:/workspaces/solr/solr-4.10.4/contrib/extraction/lib/jhighlight-1.0.jar' to classloader
3363 [coreLoadExecutor-5-thread-1] INFO  org.apache.solr.core.SolrResourceLoader  – Adding 'file:/workspaces/solr/solr-4.10.4/contrib/extraction/lib/juniversalchardet-1.0.3.jar' to classloader
3364 [coreLoadExecutor-5-thread-1] INFO  org.apache.solr.core.SolrResourceLoader  – Adding 'file:/workspaces/solr/solr-4.10.4/contrib/extraction/lib/metadata-extractor-2.6.2.jar' to classloader
3364 [coreLoadExecutor-5-thread-1] INFO  org.apache.solr.core.SolrResourceLoader  – Adding 'file:/workspaces/solr/solr-4.10.4/contrib/extraction/lib/pdfbox-1.8.4.jar' to classloader
3364 [coreLoadExecutor-5-thread-1] INFO  org.apache.solr.core.SolrResourceLoader  – Adding 'file:/workspaces/solr/solr-4.10.4/contrib/extraction/lib/poi-3.10.1.jar' to classloader
3364 [coreLoadExecutor-5-thread-1] INFO  org.apache.solr.core.SolrResourceLoader  – Adding 'file:/workspaces/solr/solr-4.10.4/contrib/extraction/lib/poi-ooxml-3.10.1.jar' to classloader
3365 [coreLoadExecutor-5-thread-1] INFO  org.apache.solr.core.SolrResourceLoader  – Adding 'file:/workspaces/solr/solr-4.10.4/contrib/extraction/lib/poi-ooxml-schemas-3.10.1.jar' to classloader
3365 [coreLoadExecutor-5-thread-1] INFO  org.apache.solr.core.SolrResourceLoader  – Adding 'file:/workspaces/solr/solr-4.10.4/contrib/extraction/lib/poi-scratchpad-3.10.1.jar' to classloader
3365 [coreLoadExecutor-5-thread-1] INFO  org.apache.solr.core.SolrResourceLoader  – Adding 'file:/workspaces/solr/solr-4.10.4/contrib/extraction/lib/rome-0.9.jar' to classloader
3366 [coreLoadExecutor-5-thread-1] INFO  org.apache.solr.core.SolrResourceLoader  – Adding 'file:/workspaces/solr/solr-4.10.4/contrib/extraction/lib/tagsoup-1.2.1.jar' to classloader
3367 [coreLoadExecutor-5-thread-1] INFO  org.apache.solr.core.SolrResourceLoader  – Adding 'file:/workspaces/solr/solr-4.10.4/contrib/extraction/lib/tika-core-1.5.jar' to classloader
3367 [coreLoadExecutor-5-thread-1] INFO  org.apache.solr.core.SolrResourceLoader  – Adding 'file:/workspaces/solr/solr-4.10.4/contrib/extraction/lib/tika-parsers-1.5.jar' to classloader
3368 [coreLoadExecutor-5-thread-1] INFO  org.apache.solr.core.SolrResourceLoader  – Adding 'file:/workspaces/solr/solr-4.10.4/contrib/extraction/lib/tika-xmp-1.5.jar' to classloader
3368 [coreLoadExecutor-5-thread-1] INFO  org.apache.solr.core.SolrResourceLoader  – Adding 'file:/workspaces/solr/solr-4.10.4/contrib/extraction/lib/vorbis-java-core-0.1.jar' to classloader
3369 [coreLoadExecutor-5-thread-1] INFO  org.apache.solr.core.SolrResourceLoader  – Adding 'file:/workspaces/solr/solr-4.10.4/contrib/extraction/lib/vorbis-java-tika-0.1.jar' to classloader
3369 [coreLoadExecutor-5-thread-1] INFO  org.apache.solr.core.SolrResourceLoader  – Adding 'file:/workspaces/solr/solr-4.10.4/contrib/extraction/lib/xercesImpl-2.9.1.jar' to classloader
3370 [coreLoadExecutor-5-thread-1] INFO  org.apache.solr.core.SolrResourceLoader  – Adding 'file:/workspaces/solr/solr-4.10.4/contrib/extraction/lib/xmlbeans-2.6.0.jar' to classloader
3371 [coreLoadExecutor-5-thread-1] INFO  org.apache.solr.core.SolrResourceLoader  – Adding 'file:/workspaces/solr/solr-4.10.4/contrib/extraction/lib/xmpcore-5.1.2.jar' to classloader
3372 [coreLoadExecutor-5-thread-1] INFO  org.apache.solr.core.SolrResourceLoader  – Adding 'file:/workspaces/solr/solr-4.10.4/contrib/extraction/lib/xz-1.4.jar' to classloader
3375 [coreLoadExecutor-5-thread-1] INFO  org.apache.solr.core.SolrResourceLoader  – Adding 'file:/workspaces/solr/solr-4.10.4/dist/solr-cell-4.10.4.jar' to classloader
3377 [coreLoadExecutor-5-thread-1] INFO  org.apache.solr.core.SolrResourceLoader  – Adding 'file:/workspaces/solr/solr-4.10.4/contrib/clustering/lib/attributes-binder-1.2.1.jar' to classloader
3378 [coreLoadExecutor-5-thread-1] INFO  org.apache.solr.core.SolrResourceLoader  – Adding 'file:/workspaces/solr/solr-4.10.4/contrib/clustering/lib/carrot2-mini-3.9.0.jar' to classloader
3378 [coreLoadExecutor-5-thread-1] INFO  org.apache.solr.core.SolrResourceLoader  – Adding 'file:/workspaces/solr/solr-4.10.4/contrib/clustering/lib/hppc-0.5.2.jar' to classloader
3379 [coreLoadExecutor-5-thread-1] INFO  org.apache.solr.core.SolrResourceLoader  – Adding 'file:/workspaces/solr/solr-4.10.4/contrib/clustering/lib/jackson-core-asl-1.9.13.jar' to classloader
3379 [coreLoadExecutor-5-thread-1] INFO  org.apache.solr.core.SolrResourceLoader  – Adding 'file:/workspaces/solr/solr-4.10.4/contrib/clustering/lib/jackson-mapper-asl-1.9.13.jar' to classloader
3379 [coreLoadExecutor-5-thread-1] INFO  org.apache.solr.core.SolrResourceLoader  – Adding 'file:/workspaces/solr/solr-4.10.4/contrib/clustering/lib/mahout-collections-1.0.jar' to classloader
3380 [coreLoadExecutor-5-thread-1] INFO  org.apache.solr.core.SolrResourceLoader  – Adding 'file:/workspaces/solr/solr-4.10.4/contrib/clustering/lib/mahout-math-0.6.jar' to classloader
3380 [coreLoadExecutor-5-thread-1] INFO  org.apache.solr.core.SolrResourceLoader  – Adding 'file:/workspaces/solr/solr-4.10.4/contrib/clustering/lib/simple-xml-2.7.jar' to classloader
3381 [coreLoadExecutor-5-thread-1] INFO  org.apache.solr.core.SolrResourceLoader  – Adding 'file:/workspaces/solr/solr-4.10.4/dist/solr-clustering-4.10.4.jar' to classloader
3382 [coreLoadExecutor-5-thread-1] INFO  org.apache.solr.core.SolrResourceLoader  – Adding 'file:/workspaces/solr/solr-4.10.4/contrib/langid/lib/jsonic-1.2.7.jar' to classloader
3382 [coreLoadExecutor-5-thread-1] INFO  org.apache.solr.core.SolrResourceLoader  – Adding 'file:/workspaces/solr/solr-4.10.4/contrib/langid/lib/langdetect-1.1-20120112.jar' to classloader
3384 [coreLoadExecutor-5-thread-1] INFO  org.apache.solr.core.SolrResourceLoader  – Adding 'file:/workspaces/solr/solr-4.10.4/dist/solr-langid-4.10.4.jar' to classloader
3385 [coreLoadExecutor-5-thread-1] INFO  org.apache.solr.core.SolrResourceLoader  – Adding 'file:/workspaces/solr/solr-4.10.4/contrib/velocity/lib/commons-beanutils-1.8.3.jar' to classloader
3386 [coreLoadExecutor-5-thread-1] INFO  org.apache.solr.core.SolrResourceLoader  – Adding 'file:/workspaces/solr/solr-4.10.4/contrib/velocity/lib/commons-collections-3.2.1.jar' to classloader
3386 [coreLoadExecutor-5-thread-1] INFO  org.apache.solr.core.SolrResourceLoader  – Adding 'file:/workspaces/solr/solr-4.10.4/contrib/velocity/lib/velocity-1.7.jar' to classloader
3386 [coreLoadExecutor-5-thread-1] INFO  org.apache.solr.core.SolrResourceLoader  – Adding 'file:/workspaces/solr/solr-4.10.4/contrib/velocity/lib/velocity-tools-2.0.jar' to classloader
3388 [coreLoadExecutor-5-thread-1] INFO  org.apache.solr.core.SolrResourceLoader  – Adding 'file:/workspaces/solr/solr-4.10.4/dist/solr-velocity-4.10.4.jar' to classloader
4043 [coreLoadExecutor-5-thread-1] INFO  org.apache.solr.update.SolrIndexConfig  – IndexWriter infoStream solr logging is enabled
4055 [coreLoadExecutor-5-thread-1] INFO  org.apache.solr.core.SolrConfig  – Using Lucene MatchVersion: 4.10.4
4281 [coreLoadExecutor-5-thread-1] INFO  org.apache.solr.core.Config  – Loaded SolrConfig: solrconfig.xml
4299 [coreLoadExecutor-5-thread-1] INFO  org.apache.solr.schema.IndexSchema  – Reading Solr Schema from /workspaces/solr/solr-4.10.4/example/solr/collection1/conf/schema.xml
4442 [coreLoadExecutor-5-thread-1] INFO  org.apache.solr.schema.IndexSchema  – [collection1] Schema name=example
5147 [coreLoadExecutor-5-thread-1] INFO  org.apache.solr.schema.IndexSchema  – unique key field: id
5164 [coreLoadExecutor-5-thread-1] INFO  org.apache.solr.rest.RestManager  – Registered ManagedResource impl org.apache.solr.rest.schema.analysis.ManagedWordSetResource for path /schema/analysis/stopwords/english
5165 [coreLoadExecutor-5-thread-1] INFO  org.apache.solr.rest.RestManager  – Registered ManagedResource impl org.apache.solr.rest.schema.analysis.ManagedSynonymFilterFactory$SynonymManager for path /schema/analysis/synonyms/english
5352 [coreLoadExecutor-5-thread-1] INFO  org.apache.solr.schema.FileExchangeRateProvider  – Reloading exchange rates from file currency.xml
5357 [coreLoadExecutor-5-thread-1] INFO  org.apache.solr.schema.FileExchangeRateProvider  – Reloading exchange rates from file currency.xml
5510 [coreLoadExecutor-5-thread-1] INFO  org.apache.solr.core.CoreContainer  – Creating SolrCore 'collection1' using configuration from instancedir /workspaces/solr/solr-4.10.4/example/solr/collection1/
5584 [coreLoadExecutor-5-thread-1] INFO  org.apache.solr.core.SolrCore  – solr.NRTCachingDirectoryFactory
5593 [coreLoadExecutor-5-thread-1] INFO  org.apache.solr.core.SolrCore  – [collection1] Opening new SolrCore at /workspaces/solr/solr-4.10.4/example/solr/collection1/, dataDir=/workspaces/solr/solr-4.10.4/example/solr/collection1/data/
5595 [coreLoadExecutor-5-thread-1] INFO  org.apache.solr.core.JmxMonitoredMap  – JMX monitoring is enabled. Adding Solr mbeans to JMX Server: com.sun.jmx.mbeanserver.JmxMBeanServer@5e481248
5632 [coreLoadExecutor-5-thread-1] INFO  org.apache.solr.core.SolrCore  – [collection1] Added SolrEventListener for newSearcher: org.apache.solr.core.QuerySenderListener{queries=[]}
5632 [coreLoadExecutor-5-thread-1] INFO  org.apache.solr.core.SolrCore  – [collection1] Added SolrEventListener for firstSearcher: org.apache.solr.core.QuerySenderListener{queries=[{q=static firstSearcher warming in solrconfig.xml}]}
5658 [coreLoadExecutor-5-thread-1] INFO  org.apache.solr.core.CachingDirectoryFactory  – return new directory for /workspaces/solr/solr-4.10.4/example/solr/collection1/data
5716 [coreLoadExecutor-5-thread-1] INFO  org.apache.solr.core.SolrCore  – New index directory detected: old=null new=/workspaces/solr/solr-4.10.4/example/solr/collection1/data/index/
5718 [coreLoadExecutor-5-thread-1] INFO  org.apache.solr.core.CachingDirectoryFactory  – return new directory for /workspaces/solr/solr-4.10.4/example/solr/collection1/data/index
5770 [coreLoadExecutor-5-thread-1] INFO  org.apache.solr.core.SolrCore  – created json: solr.JSONResponseWriter
5771 [coreLoadExecutor-5-thread-1] INFO  org.apache.solr.core.SolrCore  – adding lazy queryResponseWriter: solr.VelocityResponseWriter
5772 [coreLoadExecutor-5-thread-1] INFO  org.apache.solr.core.SolrCore  – created velocity: solr.VelocityResponseWriter
5790 [coreLoadExecutor-5-thread-1] INFO  org.apache.solr.core.SolrCore  – created xslt: solr.XSLTResponseWriter
5791 [coreLoadExecutor-5-thread-1] INFO  org.apache.solr.response.XSLTResponseWriter  – xsltCacheLifetimeSeconds=5
5919 [coreLoadExecutor-5-thread-1] INFO  org.apache.solr.core.SolrCore  – no updateRequestProcessorChain defined as default, creating implicit default
5942 [coreLoadExecutor-5-thread-1] INFO  org.apache.solr.core.RequestHandlers  – created /update: org.apache.solr.handler.UpdateRequestHandler
5945 [coreLoadExecutor-5-thread-1] INFO  org.apache.solr.core.RequestHandlers  – created /update/json: org.apache.solr.handler.UpdateRequestHandler
5948 [coreLoadExecutor-5-thread-1] INFO  org.apache.solr.core.RequestHandlers  – created /update/csv: org.apache.solr.handler.UpdateRequestHandler
5949 [coreLoadExecutor-5-thread-1] INFO  org.apache.solr.core.RequestHandlers  – created /update/json/docs: org.apache.solr.handler.UpdateRequestHandler
5956 [coreLoadExecutor-5-thread-1] INFO  org.apache.solr.core.RequestHandlers  – created /select: solr.SearchHandler
5957 [coreLoadExecutor-5-thread-1] INFO  org.apache.solr.core.RequestHandlers  – created /query: solr.SearchHandler
5959 [coreLoadExecutor-5-thread-1] INFO  org.apache.solr.core.RequestHandlers  – created /get: solr.RealTimeGetHandler
5960 [coreLoadExecutor-5-thread-1] INFO  org.apache.solr.core.RequestHandlers  – created /export: solr.SearchHandler
5961 [coreLoadExecutor-5-thread-1] INFO  org.apache.solr.core.RequestHandlers  – created /browse: solr.SearchHandler
5964 [coreLoadExecutor-5-thread-1] WARN  org.apache.solr.core.RequestHandlers  – Multiple requestHandler registered to the same name: /update ignoring: org.apache.solr.handler.UpdateRequestHandler
5964 [coreLoadExecutor-5-thread-1] INFO  org.apache.solr.core.RequestHandlers  – created /update: solr.UpdateRequestHandler
5964 [coreLoadExecutor-5-thread-1] INFO  org.apache.solr.core.RequestHandlers  – adding lazy requestHandler: solr.extraction.ExtractingRequestHandler
5965 [coreLoadExecutor-5-thread-1] INFO  org.apache.solr.core.RequestHandlers  – created /update/extract: solr.extraction.ExtractingRequestHandler
5965 [coreLoadExecutor-5-thread-1] INFO  org.apache.solr.core.RequestHandlers  – adding lazy requestHandler: solr.FieldAnalysisRequestHandler
5966 [coreLoadExecutor-5-thread-1] INFO  org.apache.solr.core.RequestHandlers  – created /analysis/field: solr.FieldAnalysisRequestHandler
5966 [coreLoadExecutor-5-thread-1] INFO  org.apache.solr.core.RequestHandlers  – adding lazy requestHandler: solr.DocumentAnalysisRequestHandler
5966 [coreLoadExecutor-5-thread-1] INFO  org.apache.solr.core.RequestHandlers  – created /analysis/document: solr.DocumentAnalysisRequestHandler
5968 [coreLoadExecutor-5-thread-1] INFO  org.apache.solr.core.RequestHandlers  – created /admin/: solr.admin.AdminHandlers
5971 [coreLoadExecutor-5-thread-1] INFO  org.apache.solr.core.RequestHandlers  – created /admin/ping: solr.PingRequestHandler
5973 [coreLoadExecutor-5-thread-1] INFO  org.apache.solr.core.RequestHandlers  – created /debug/dump: solr.DumpRequestHandler
5985 [coreLoadExecutor-5-thread-1] INFO  org.apache.solr.core.RequestHandlers  – created /replication: solr.ReplicationHandler
5985 [coreLoadExecutor-5-thread-1] INFO  org.apache.solr.core.RequestHandlers  – adding lazy requestHandler: solr.SearchHandler
5986 [coreLoadExecutor-5-thread-1] INFO  org.apache.solr.core.RequestHandlers  – created /spell: solr.SearchHandler
5986 [coreLoadExecutor-5-thread-1] INFO  org.apache.solr.core.RequestHandlers  – adding lazy requestHandler: solr.SearchHandler
5986 [coreLoadExecutor-5-thread-1] INFO  org.apache.solr.core.RequestHandlers  – created /tvrh: solr.SearchHandler
5986 [coreLoadExecutor-5-thread-1] INFO  org.apache.solr.core.RequestHandlers  – adding lazy requestHandler: solr.SearchHandler
5987 [coreLoadExecutor-5-thread-1] INFO  org.apache.solr.core.RequestHandlers  – created /terms: solr.SearchHandler
5987 [coreLoadExecutor-5-thread-1] INFO  org.apache.solr.core.RequestHandlers  – adding lazy requestHandler: solr.SearchHandler
5987 [coreLoadExecutor-5-thread-1] INFO  org.apache.solr.core.RequestHandlers  – created /elevate: solr.SearchHandler
6010 [coreLoadExecutor-5-thread-1] INFO  org.apache.solr.handler.loader.XMLLoader  – xsltCacheLifetimeSeconds=60
6012 [coreLoadExecutor-5-thread-1] INFO  org.apache.solr.handler.loader.XMLLoader  – xsltCacheLifetimeSeconds=60
6013 [coreLoadExecutor-5-thread-1] INFO  org.apache.solr.handler.loader.XMLLoader  – xsltCacheLifetimeSeconds=60
6015 [coreLoadExecutor-5-thread-1] INFO  org.apache.solr.handler.loader.XMLLoader  – xsltCacheLifetimeSeconds=60
6016 [coreLoadExecutor-5-thread-1] INFO  org.apache.solr.handler.loader.XMLLoader  – xsltCacheLifetimeSeconds=60
6041 [coreLoadExecutor-5-thread-1] INFO  org.apache.solr.core.SolrCore  – Hard AutoCommit: if uncommited for 15000ms; 
6042 [coreLoadExecutor-5-thread-1] INFO  org.apache.solr.core.SolrCore  – Soft AutoCommit: disabled
6136 [coreLoadExecutor-5-thread-1] INFO  org.apache.solr.core.SolrCore  – SolrDeletionPolicy.onInit: commits: num=1
	commit{dir=NRTCachingDirectory(MMapDirectory@/workspaces/solr/solr-4.10.4/example/solr/collection1/data/index lockFactory=NativeFSLockFactory@/workspaces/solr/solr-4.10.4/example/solr/collection1/data/index; maxCacheMB=48.0 maxMergeSizeMB=4.0),segFN=segments_1,generation=1}
6136 [coreLoadExecutor-5-thread-1] INFO  org.apache.solr.core.SolrCore  – newest commit generation = 1
6166 [coreLoadExecutor-5-thread-1] INFO  org.apache.solr.search.SolrIndexSearcher  – Opening Searcher@40bab3e9[collection1] main
6175 [coreLoadExecutor-5-thread-1] INFO  org.apache.solr.rest.ManagedResourceStorage  – File-based storage initialized to use dir: /workspaces/solr/solr-4.10.4/example/solr/collection1/conf
6176 [coreLoadExecutor-5-thread-1] INFO  org.apache.solr.rest.RestManager  – Initializing RestManager with initArgs: {storageDir=/workspaces/solr/solr-4.10.4/example/solr/collection1/conf}
6177 [coreLoadExecutor-5-thread-1] INFO  org.apache.solr.rest.ManagedResourceStorage  – Reading _rest_managed.json using file:dir=/workspaces/solr/solr-4.10.4/example/solr/collection1/conf
6204 [coreLoadExecutor-5-thread-1] INFO  org.apache.solr.rest.ManagedResourceStorage  – Loaded LinkedHashMap at path _rest_managed.json using file:dir=/workspaces/solr/solr-4.10.4/example/solr/collection1/conf
6204 [coreLoadExecutor-5-thread-1] INFO  org.apache.solr.rest.ManagedResource  – Loaded initArgs {} for /rest/managed
6204 [coreLoadExecutor-5-thread-1] INFO  org.apache.solr.rest.RestManager  – Initializing 2 registered ManagedResources
6205 [coreLoadExecutor-5-thread-1] INFO  org.apache.solr.rest.ManagedResourceStorage  – Reading _schema_analysis_stopwords_english.json using file:dir=/workspaces/solr/solr-4.10.4/example/solr/collection1/conf
6207 [coreLoadExecutor-5-thread-1] INFO  org.apache.solr.rest.ManagedResourceStorage  – Loaded LinkedHashMap at path _schema_analysis_stopwords_english.json using file:dir=/workspaces/solr/solr-4.10.4/example/solr/collection1/conf
6207 [coreLoadExecutor-5-thread-1] INFO  org.apache.solr.rest.ManagedResource  – Loaded initArgs {ignoreCase=true} for /schema/analysis/stopwords/english
6207 [coreLoadExecutor-5-thread-1] INFO  org.apache.solr.rest.ManagedResource  – Loaded 35 words for /schema/analysis/stopwords/english
6208 [coreLoadExecutor-5-thread-1] INFO  org.apache.solr.rest.ManagedResource  – Notified 1 observers of /schema/analysis/stopwords/english
6208 [coreLoadExecutor-5-thread-1] INFO  org.apache.solr.rest.ManagedResourceStorage  – Reading _schema_analysis_synonyms_english.json using file:dir=/workspaces/solr/solr-4.10.4/example/solr/collection1/conf
6209 [coreLoadExecutor-5-thread-1] INFO  org.apache.solr.rest.ManagedResourceStorage  – Loaded LinkedHashMap at path _schema_analysis_synonyms_english.json using file:dir=/workspaces/solr/solr-4.10.4/example/solr/collection1/conf
6210 [coreLoadExecutor-5-thread-1] INFO  org.apache.solr.rest.ManagedResource  – Loaded initArgs {ignoreCase=true,format=solr} for /schema/analysis/synonyms/english
6211 [coreLoadExecutor-5-thread-1] INFO  org.apache.solr.rest.ManagedResource  – Loaded 3 synonym mappings for /schema/analysis/synonyms/english
6215 [coreLoadExecutor-5-thread-1] INFO  org.apache.solr.rest.ManagedResource  – Notified 1 observers of /schema/analysis/synonyms/english
6216 [coreLoadExecutor-5-thread-1] INFO  org.apache.solr.handler.component.SpellCheckComponent  – Initializing spell checkers
6223 [coreLoadExecutor-5-thread-1] INFO  org.apache.solr.spelling.DirectSolrSpellChecker  – init: {name=default,field=text,classname=solr.DirectSolrSpellChecker,distanceMeasure=internal,accuracy=0.5,maxEdits=2,minPrefix=1,maxInspections=5,minQueryLength=4,maxQueryFrequency=0.01}
6230 [coreLoadExecutor-5-thread-1] INFO  org.apache.solr.handler.component.SpellCheckComponent  – No queryConverter defined, using default converter
6256 [coreLoadExecutor-5-thread-1] INFO  org.apache.solr.handler.component.QueryElevationComponent  – Loading QueryElevation from: /workspaces/solr/solr-4.10.4/example/solr/collection1/conf/elevate.xml
6288 [coreLoadExecutor-5-thread-1] INFO  org.apache.solr.handler.ReplicationHandler  – Commits will be reserved for  10000
6289 [searcherExecutor-6-thread-1] INFO  org.apache.solr.core.SolrCore  – QuerySenderListener sending requests to Searcher@40bab3e9[collection1] main{StandardDirectoryReader(segments_1:1:nrt)}
6353 [searcherExecutor-6-thread-1] INFO  org.apache.solr.core.SolrCore  – [collection1] webapp=null path=null params={q=static+firstSearcher+warming+in+solrconfig.xml&distrib=false&event=firstSearcher} hits=0 status=0 QTime=63 
6354 [searcherExecutor-6-thread-1] INFO  org.apache.solr.core.SolrCore  – QuerySenderListener done.
6354 [searcherExecutor-6-thread-1] INFO  org.apache.solr.handler.component.SpellCheckComponent  – Loading spell index for spellchecker: default
6354 [searcherExecutor-6-thread-1] INFO  org.apache.solr.handler.component.SpellCheckComponent  – Loading spell index for spellchecker: wordbreak
6357 [searcherExecutor-6-thread-1] INFO  org.apache.solr.core.SolrCore  – [collection1] Registered new searcher Searcher@40bab3e9[collection1] main{StandardDirectoryReader(segments_1:1:nrt)}
6361 [coreLoadExecutor-5-thread-1] INFO  org.apache.solr.core.CoreContainer  – registering core: collection1
6364 [main] INFO  org.apache.solr.servlet.SolrDispatchFilter  – user.dir=/workspaces/solr/solr-4.10.4/example
6364 [main] INFO  org.apache.solr.servlet.SolrDispatchFilter  – SolrDispatchFilter.init() done
6424 [main] INFO  org.eclipse.jetty.server.AbstractConnector  – Started SocketConnector@0.0.0.0:8983
20816 [qtp343965883-15] INFO  org.apache.solr.servlet.SolrDispatchFilter  – [admin] webapp=null path=/admin/cores params={indexInfo=false&wt=json&_=1446178443671} status=0 QTime=1 
21072 [qtp343965883-20] INFO  org.apache.solr.servlet.SolrDispatchFilter  – [admin] webapp=null path=/admin/info/system params={wt=json&_=1446178443717} status=0 QTime=212 
343808 [qtp343965883-22] INFO  org.apache.solr.update.processor.LogUpdateProcessor  – [collection1] webapp=/solr path=/update params={wt=javabin&version=2} {} 0 83
343905 [qtp343965883-22] ERROR org.apache.solr.core.SolrCore  – org.apache.solr.common.SolrException: ERROR: [doc=http://californiaattorneygeneral.tumblr.com/] unknown field 'tstamp'
	at org.apache.solr.update.DocumentBuilder.toDocument(DocumentBuilder.java:185)
	at org.apache.solr.update.AddUpdateCommand.getLuceneDocument(AddUpdateCommand.java:78)
	at org.apache.solr.update.DirectUpdateHandler2.addDoc0(DirectUpdateHandler2.java:238)
	at org.apache.solr.update.DirectUpdateHandler2.addDoc(DirectUpdateHandler2.java:164)
	at org.apache.solr.update.processor.RunUpdateProcessor.processAdd(RunUpdateProcessorFactory.java:69)
	at org.apache.solr.update.processor.UpdateRequestProcessor.processAdd(UpdateRequestProcessor.java:51)
	at org.apache.solr.update.processor.DistributedUpdateProcessor.doLocalAdd(DistributedUpdateProcessor.java:926)
	at org.apache.solr.update.processor.DistributedUpdateProcessor.versionAdd(DistributedUpdateProcessor.java:1080)
	at org.apache.solr.update.processor.DistributedUpdateProcessor.processAdd(DistributedUpdateProcessor.java:692)
	at org.apache.solr.update.processor.LogUpdateProcessor.processAdd(LogUpdateProcessorFactory.java:100)
	at org.apache.solr.handler.loader.XMLLoader.processUpdate(XMLLoader.java:247)
	at org.apache.solr.handler.loader.XMLLoader.load(XMLLoader.java:174)
	at org.apache.solr.handler.UpdateRequestHandler$1.load(UpdateRequestHandler.java:99)
	at org.apache.solr.handler.ContentStreamHandlerBase.handleRequestBody(ContentStreamHandlerBase.java:74)
	at org.apache.solr.handler.RequestHandlerBase.handleRequest(RequestHandlerBase.java:135)
	at org.apache.solr.core.SolrCore.execute(SolrCore.java:1976)
	at org.apache.solr.servlet.SolrDispatchFilter.execute(SolrDispatchFilter.java:777)
	at org.apache.solr.servlet.SolrDispatchFilter.doFilter(SolrDispatchFilter.java:418)
	at org.apache.solr.servlet.SolrDispatchFilter.doFilter(SolrDispatchFilter.java:207)
	at org.eclipse.jetty.servlet.ServletHandler$CachedChain.doFilter(ServletHandler.java:1419)
	at org.eclipse.jetty.servlet.ServletHandler.doHandle(ServletHandler.java:455)
	at org.eclipse.jetty.server.handler.ScopedHandler.handle(ScopedHandler.java:137)
	at org.eclipse.jetty.security.SecurityHandler.handle(SecurityHandler.java:557)
	at org.eclipse.jetty.server.session.SessionHandler.doHandle(SessionHandler.java:231)
	at org.eclipse.jetty.server.handler.ContextHandler.doHandle(ContextHandler.java:1075)
	at org.eclipse.jetty.servlet.ServletHandler.doScope(ServletHandler.java:384)
	at org.eclipse.jetty.server.session.SessionHandler.doScope(SessionHandler.java:193)
	at org.eclipse.jetty.server.handler.ContextHandler.doScope(ContextHandler.java:1009)
	at org.eclipse.jetty.server.handler.ScopedHandler.handle(ScopedHandler.java:135)
	at org.eclipse.jetty.server.handler.ContextHandlerCollection.handle(ContextHandlerCollection.java:255)
	at org.eclipse.jetty.server.handler.HandlerCollection.handle(HandlerCollection.java:154)
	at org.eclipse.jetty.server.handler.HandlerWrapper.handle(HandlerWrapper.java:116)
	at org.eclipse.jetty.server.Server.handle(Server.java:368)
	at org.eclipse.jetty.server.AbstractHttpConnection.handleRequest(AbstractHttpConnection.java:489)
	at org.eclipse.jetty.server.BlockingHttpConnection.handleRequest(BlockingHttpConnection.java:53)
	at org.eclipse.jetty.server.AbstractHttpConnection.content(AbstractHttpConnection.java:953)
	at org.eclipse.jetty.server.AbstractHttpConnection$RequestHandler.content(AbstractHttpConnection.java:1014)
	at org.eclipse.jetty.http.HttpParser.parseNext(HttpParser.java:953)
	at org.eclipse.jetty.http.HttpParser.parseAvailable(HttpParser.java:240)
	at org.eclipse.jetty.server.BlockingHttpConnection.handle(BlockingHttpConnection.java:72)
	at org.eclipse.jetty.server.bio.SocketConnector$ConnectorEndPoint.run(SocketConnector.java:264)
	at org.eclipse.jetty.util.thread.QueuedThreadPool.runJob(QueuedThreadPool.java:608)
	at org.eclipse.jetty.util.thread.QueuedThreadPool$3.run(QueuedThreadPool.java:543)
	at java.lang.Thread.run(Thread.java:745)

343935 [qtp343965883-22] INFO  org.apache.solr.update.processor.LogUpdateProcessor  – [collection1] webapp=/solr path=/update params={wt=javabin&version=2} {} 0 1
343936 [qtp343965883-22] ERROR org.apache.solr.core.SolrCore  – org.apache.solr.common.SolrException: ERROR: [doc=http://californiaattorneygeneral.tumblr.com/] unknown field 'tstamp'
	at org.apache.solr.update.DocumentBuilder.toDocument(DocumentBuilder.java:185)
	at org.apache.solr.update.AddUpdateCommand.getLuceneDocument(AddUpdateCommand.java:78)
	at org.apache.solr.update.DirectUpdateHandler2.addDoc0(DirectUpdateHandler2.java:238)
	at org.apache.solr.update.DirectUpdateHandler2.addDoc(DirectUpdateHandler2.java:164)
	at org.apache.solr.update.processor.RunUpdateProcessor.processAdd(RunUpdateProcessorFactory.java:69)
	at org.apache.solr.update.processor.UpdateRequestProcessor.processAdd(UpdateRequestProcessor.java:51)
	at org.apache.solr.update.processor.DistributedUpdateProcessor.doLocalAdd(DistributedUpdateProcessor.java:926)
	at org.apache.solr.update.processor.DistributedUpdateProcessor.versionAdd(DistributedUpdateProcessor.java:1080)
	at org.apache.solr.update.processor.DistributedUpdateProcessor.processAdd(DistributedUpdateProcessor.java:692)
	at org.apache.solr.update.processor.LogUpdateProcessor.processAdd(LogUpdateProcessorFactory.java:100)
	at org.apache.solr.handler.loader.XMLLoader.processUpdate(XMLLoader.java:247)
	at org.apache.solr.handler.loader.XMLLoader.load(XMLLoader.java:174)
	at org.apache.solr.handler.UpdateRequestHandler$1.load(UpdateRequestHandler.java:99)
	at org.apache.solr.handler.ContentStreamHandlerBase.handleRequestBody(ContentStreamHandlerBase.java:74)
	at org.apache.solr.handler.RequestHandlerBase.handleRequest(RequestHandlerBase.java:135)
	at org.apache.solr.core.SolrCore.execute(SolrCore.java:1976)
	at org.apache.solr.servlet.SolrDispatchFilter.execute(SolrDispatchFilter.java:777)
	at org.apache.solr.servlet.SolrDispatchFilter.doFilter(SolrDispatchFilter.java:418)
	at org.apache.solr.servlet.SolrDispatchFilter.doFilter(SolrDispatchFilter.java:207)
	at org.eclipse.jetty.servlet.ServletHandler$CachedChain.doFilter(ServletHandler.java:1419)
	at org.eclipse.jetty.servlet.ServletHandler.doHandle(ServletHandler.java:455)
	at org.eclipse.jetty.server.handler.ScopedHandler.handle(ScopedHandler.java:137)
	at org.eclipse.jetty.security.SecurityHandler.handle(SecurityHandler.java:557)
	at org.eclipse.jetty.server.session.SessionHandler.doHandle(SessionHandler.java:231)
	at org.eclipse.jetty.server.handler.ContextHandler.doHandle(ContextHandler.java:1075)
	at org.eclipse.jetty.servlet.ServletHandler.doScope(ServletHandler.java:384)
	at org.eclipse.jetty.server.session.SessionHandler.doScope(SessionHandler.java:193)
	at org.eclipse.jetty.server.handler.ContextHandler.doScope(ContextHandler.java:1009)
	at org.eclipse.jetty.server.handler.ScopedHandler.handle(ScopedHandler.java:135)
	at org.eclipse.jetty.server.handler.ContextHandlerCollection.handle(ContextHandlerCollection.java:255)
	at org.eclipse.jetty.server.handler.HandlerCollection.handle(HandlerCollection.java:154)
	at org.eclipse.jetty.server.handler.HandlerWrapper.handle(HandlerWrapper.java:116)
	at org.eclipse.jetty.server.Server.handle(Server.java:368)
	at org.eclipse.jetty.server.AbstractHttpConnection.handleRequest(AbstractHttpConnection.java:489)
	at org.eclipse.jetty.server.BlockingHttpConnection.handleRequest(BlockingHttpConnection.java:53)
	at org.eclipse.jetty.server.AbstractHttpConnection.content(AbstractHttpConnection.java:953)
	at org.eclipse.jetty.server.AbstractHttpConnection$RequestHandler.content(AbstractHttpConnection.java:1014)
	at org.eclipse.jetty.http.HttpParser.parseNext(HttpParser.java:953)
	at org.eclipse.jetty.http.HttpParser.parseAvailable(HttpParser.java:240)
	at org.eclipse.jetty.server.BlockingHttpConnection.handle(BlockingHttpConnection.java:72)
	at org.eclipse.jetty.server.bio.SocketConnector$ConnectorEndPoint.run(SocketConnector.java:264)
	at org.eclipse.jetty.util.thread.QueuedThreadPool.runJob(QueuedThreadPool.java:608)
	at org.eclipse.jetty.util.thread.QueuedThreadPool$3.run(QueuedThreadPool.java:543)
	at java.lang.Thread.run(Thread.java:745)

723243 [qtp343965883-15] INFO  org.apache.solr.servlet.SolrDispatchFilter  – [admin] webapp=null path=/admin/cores params={indexInfo=false&wt=json&_=1446179146096} status=0 QTime=1 
723510 [qtp343965883-15] INFO  org.apache.solr.servlet.SolrDispatchFilter  – [admin] webapp=null path=/admin/info/system params={wt=json&_=1446179146134} status=0 QTime=234 
854933 [qtp343965883-22] INFO  org.apache.solr.update.processor.LogUpdateProcessor  – [collection1] webapp=/solr path=/update params={wt=javabin&version=2} {} 0 2
854954 [qtp343965883-22] ERROR org.apache.solr.core.SolrCore  – org.apache.solr.common.SolrException: ERROR: [doc=http://californiaattorneygeneral.tumblr.com/] unknown field 'tstamp'
	at org.apache.solr.update.DocumentBuilder.toDocument(DocumentBuilder.java:185)
	at org.apache.solr.update.AddUpdateCommand.getLuceneDocument(AddUpdateCommand.java:78)
	at org.apache.solr.update.DirectUpdateHandler2.addDoc0(DirectUpdateHandler2.java:238)
	at org.apache.solr.update.DirectUpdateHandler2.addDoc(DirectUpdateHandler2.java:164)
	at org.apache.solr.update.processor.RunUpdateProcessor.processAdd(RunUpdateProcessorFactory.java:69)
	at org.apache.solr.update.processor.UpdateRequestProcessor.processAdd(UpdateRequestProcessor.java:51)
	at org.apache.solr.update.processor.DistributedUpdateProcessor.doLocalAdd(DistributedUpdateProcessor.java:926)
	at org.apache.solr.update.processor.DistributedUpdateProcessor.versionAdd(DistributedUpdateProcessor.java:1080)
	at org.apache.solr.update.processor.DistributedUpdateProcessor.processAdd(DistributedUpdateProcessor.java:692)
	at org.apache.solr.update.processor.LogUpdateProcessor.processAdd(LogUpdateProcessorFactory.java:100)
	at org.apache.solr.handler.loader.XMLLoader.processUpdate(XMLLoader.java:247)
	at org.apache.solr.handler.loader.XMLLoader.load(XMLLoader.java:174)
	at org.apache.solr.handler.UpdateRequestHandler$1.load(UpdateRequestHandler.java:99)
	at org.apache.solr.handler.ContentStreamHandlerBase.handleRequestBody(ContentStreamHandlerBase.java:74)
	at org.apache.solr.handler.RequestHandlerBase.handleRequest(RequestHandlerBase.java:135)
	at org.apache.solr.core.SolrCore.execute(SolrCore.java:1976)
	at org.apache.solr.servlet.SolrDispatchFilter.execute(SolrDispatchFilter.java:777)
	at org.apache.solr.servlet.SolrDispatchFilter.doFilter(SolrDispatchFilter.java:418)
	at org.apache.solr.servlet.SolrDispatchFilter.doFilter(SolrDispatchFilter.java:207)
	at org.eclipse.jetty.servlet.ServletHandler$CachedChain.doFilter(ServletHandler.java:1419)
	at org.eclipse.jetty.servlet.ServletHandler.doHandle(ServletHandler.java:455)
	at org.eclipse.jetty.server.handler.ScopedHandler.handle(ScopedHandler.java:137)
	at org.eclipse.jetty.security.SecurityHandler.handle(SecurityHandler.java:557)
	at org.eclipse.jetty.server.session.SessionHandler.doHandle(SessionHandler.java:231)
	at org.eclipse.jetty.server.handler.ContextHandler.doHandle(ContextHandler.java:1075)
	at org.eclipse.jetty.servlet.ServletHandler.doScope(ServletHandler.java:384)
	at org.eclipse.jetty.server.session.SessionHandler.doScope(SessionHandler.java:193)
	at org.eclipse.jetty.server.handler.ContextHandler.doScope(ContextHandler.java:1009)
	at org.eclipse.jetty.server.handler.ScopedHandler.handle(ScopedHandler.java:135)
	at org.eclipse.jetty.server.handler.ContextHandlerCollection.handle(ContextHandlerCollection.java:255)
	at org.eclipse.jetty.server.handler.HandlerCollection.handle(HandlerCollection.java:154)
	at org.eclipse.jetty.server.handler.HandlerWrapper.handle(HandlerWrapper.java:116)
	at org.eclipse.jetty.server.Server.handle(Server.java:368)
	at org.eclipse.jetty.server.AbstractHttpConnection.handleRequest(AbstractHttpConnection.java:489)
	at org.eclipse.jetty.server.BlockingHttpConnection.handleRequest(BlockingHttpConnection.java:53)
	at org.eclipse.jetty.server.AbstractHttpConnection.content(AbstractHttpConnection.java:953)
	at org.eclipse.jetty.server.AbstractHttpConnection$RequestHandler.content(AbstractHttpConnection.java:1014)
	at org.eclipse.jetty.http.HttpParser.parseNext(HttpParser.java:953)
	at org.eclipse.jetty.http.HttpParser.parseAvailable(HttpParser.java:240)
	at org.eclipse.jetty.server.BlockingHttpConnection.handle(BlockingHttpConnection.java:72)
	at org.eclipse.jetty.server.bio.SocketConnector$ConnectorEndPoint.run(SocketConnector.java:264)
	at org.eclipse.jetty.util.thread.QueuedThreadPool.runJob(QueuedThreadPool.java:608)
	at org.eclipse.jetty.util.thread.QueuedThreadPool$3.run(QueuedThreadPool.java:543)
	at java.lang.Thread.run(Thread.java:745)

855035 [qtp343965883-22] INFO  org.apache.solr.update.processor.LogUpdateProcessor  – [collection1] webapp=/solr path=/update params={wt=javabin&version=2} {} 0 1
855035 [qtp343965883-22] ERROR org.apache.solr.core.SolrCore  – org.apache.solr.common.SolrException: ERROR: [doc=http://californiaattorneygeneral.tumblr.com/] unknown field 'tstamp'
	at org.apache.solr.update.DocumentBuilder.toDocument(DocumentBuilder.java:185)
	at org.apache.solr.update.AddUpdateCommand.getLuceneDocument(AddUpdateCommand.java:78)
	at org.apache.solr.update.DirectUpdateHandler2.addDoc0(DirectUpdateHandler2.java:238)
	at org.apache.solr.update.DirectUpdateHandler2.addDoc(DirectUpdateHandler2.java:164)
	at org.apache.solr.update.processor.RunUpdateProcessor.processAdd(RunUpdateProcessorFactory.java:69)
	at org.apache.solr.update.processor.UpdateRequestProcessor.processAdd(UpdateRequestProcessor.java:51)
	at org.apache.solr.update.processor.DistributedUpdateProcessor.doLocalAdd(DistributedUpdateProcessor.java:926)
	at org.apache.solr.update.processor.DistributedUpdateProcessor.versionAdd(DistributedUpdateProcessor.java:1080)
	at org.apache.solr.update.processor.DistributedUpdateProcessor.processAdd(DistributedUpdateProcessor.java:692)
	at org.apache.solr.update.processor.LogUpdateProcessor.processAdd(LogUpdateProcessorFactory.java:100)
	at org.apache.solr.handler.loader.XMLLoader.processUpdate(XMLLoader.java:247)
	at org.apache.solr.handler.loader.XMLLoader.load(XMLLoader.java:174)
	at org.apache.solr.handler.UpdateRequestHandler$1.load(UpdateRequestHandler.java:99)
	at org.apache.solr.handler.ContentStreamHandlerBase.handleRequestBody(ContentStreamHandlerBase.java:74)
	at org.apache.solr.handler.RequestHandlerBase.handleRequest(RequestHandlerBase.java:135)
	at org.apache.solr.core.SolrCore.execute(SolrCore.java:1976)
	at org.apache.solr.servlet.SolrDispatchFilter.execute(SolrDispatchFilter.java:777)
	at org.apache.solr.servlet.SolrDispatchFilter.doFilter(SolrDispatchFilter.java:418)
	at org.apache.solr.servlet.SolrDispatchFilter.doFilter(SolrDispatchFilter.java:207)
	at org.eclipse.jetty.servlet.ServletHandler$CachedChain.doFilter(ServletHandler.java:1419)
	at org.eclipse.jetty.servlet.ServletHandler.doHandle(ServletHandler.java:455)
	at org.eclipse.jetty.server.handler.ScopedHandler.handle(ScopedHandler.java:137)
	at org.eclipse.jetty.security.SecurityHandler.handle(SecurityHandler.java:557)
	at org.eclipse.jetty.server.session.SessionHandler.doHandle(SessionHandler.java:231)
	at org.eclipse.jetty.server.handler.ContextHandler.doHandle(ContextHandler.java:1075)
	at org.eclipse.jetty.servlet.ServletHandler.doScope(ServletHandler.java:384)
	at org.eclipse.jetty.server.session.SessionHandler.doScope(SessionHandler.java:193)
	at org.eclipse.jetty.server.handler.ContextHandler.doScope(ContextHandler.java:1009)
	at org.eclipse.jetty.server.handler.ScopedHandler.handle(ScopedHandler.java:135)
	at org.eclipse.jetty.server.handler.ContextHandlerCollection.handle(ContextHandlerCollection.java:255)
	at org.eclipse.jetty.server.handler.HandlerCollection.handle(HandlerCollection.java:154)
	at org.eclipse.jetty.server.handler.HandlerWrapper.handle(HandlerWrapper.java:116)
	at org.eclipse.jetty.server.Server.handle(Server.java:368)
	at org.eclipse.jetty.server.AbstractHttpConnection.handleRequest(AbstractHttpConnection.java:489)
	at org.eclipse.jetty.server.BlockingHttpConnection.handleRequest(BlockingHttpConnection.java:53)
	at org.eclipse.jetty.server.AbstractHttpConnection.content(AbstractHttpConnection.java:953)
	at org.eclipse.jetty.server.AbstractHttpConnection$RequestHandler.content(AbstractHttpConnection.java:1014)
	at org.eclipse.jetty.http.HttpParser.parseNext(HttpParser.java:953)
	at org.eclipse.jetty.http.HttpParser.parseAvailable(HttpParser.java:240)
	at org.eclipse.jetty.server.BlockingHttpConnection.handle(BlockingHttpConnection.java:72)
	at org.eclipse.jetty.server.bio.SocketConnector$ConnectorEndPoint.run(SocketConnector.java:264)
	at org.eclipse.jetty.util.thread.QueuedThreadPool.runJob(QueuedThreadPool.java:608)
	at org.eclipse.jetty.util.thread.QueuedThreadPool$3.run(QueuedThreadPool.java:543)
	at java.lang.Thread.run(Thread.java:745)

1449077 [ShutdownMonitor] INFO  org.eclipse.jetty.server.Server  – Graceful shutdown SocketConnector@0.0.0.0:8983
1449078 [ShutdownMonitor] INFO  org.eclipse.jetty.server.Server  – Graceful shutdown o.e.j.w.WebAppContext{/solr,file:/workspaces/solr/solr-4.10.4/example/solr-webapp/webapp/},/workspaces/solr/solr-4.10.4/example/webapps/solr.war
1450084 [ShutdownMonitor] INFO  org.apache.solr.core.CoreContainer  – Shutting down CoreContainer instance=690052870
1450086 [ShutdownMonitor] INFO  org.apache.solr.core.SolrCore  – [collection1]  CLOSING SolrCore org.apache.solr.core.SolrCore@573d4c55
1450088 [ShutdownMonitor] INFO  org.apache.solr.update.UpdateHandler  – closing DirectUpdateHandler2{commits=0,autocommit maxTime=15000ms,autocommits=0,soft autocommits=0,optimizes=0,rollbacks=0,expungeDeletes=0,docsPending=0,adds=4,deletesById=0,deletesByQuery=0,errors=4,cumulative_adds=4,cumulative_deletesById=0,cumulative_deletesByQuery=0,cumulative_errors=4,transaction_logs_total_size=0,transaction_logs_total_number=0}
1450089 [ShutdownMonitor] INFO  org.apache.solr.update.SolrCoreState  – Closing SolrCoreState
1450089 [ShutdownMonitor] INFO  org.apache.solr.update.DefaultSolrCoreState  – SolrCoreState ref count has reached 0 - closing IndexWriter
1450090 [ShutdownMonitor] INFO  org.apache.solr.update.DefaultSolrCoreState  – closing IndexWriter with IndexWriterCloser
1450122 [ShutdownMonitor] INFO  org.apache.solr.core.SolrCore  – [collection1] Closing main searcher on request.
1450178 [ShutdownMonitor] INFO  org.apache.solr.core.CachingDirectoryFactory  – Closing NRTCachingDirectoryFactory - 2 directories currently being tracked
1450179 [ShutdownMonitor] INFO  org.apache.solr.core.CachingDirectoryFactory  – looking to close /workspaces/solr/solr-4.10.4/example/solr/collection1/data/index [CachedDir<<refCount=0;path=/workspaces/solr/solr-4.10.4/example/solr/collection1/data/index;done=false>>]
1450179 [ShutdownMonitor] INFO  org.apache.solr.core.CachingDirectoryFactory  – Closing directory: /workspaces/solr/solr-4.10.4/example/solr/collection1/data/index
1450180 [ShutdownMonitor] INFO  org.apache.solr.core.CachingDirectoryFactory  – looking to close /workspaces/solr/solr-4.10.4/example/solr/collection1/data [CachedDir<<refCount=0;path=/workspaces/solr/solr-4.10.4/example/solr/collection1/data;done=false>>]
1450180 [ShutdownMonitor] INFO  org.apache.solr.core.CachingDirectoryFactory  – Closing directory: /workspaces/solr/solr-4.10.4/example/solr/collection1/data
1450183 [ShutdownMonitor] INFO  org.eclipse.jetty.server.handler.ContextHandler  – stopped o.e.j.w.WebAppContext{/solr,file:/workspaces/solr/solr-4.10.4/example/solr-webapp/webapp/},/workspaces/solr/solr-4.10.4/example/webapps/solr.war
